0 info it worked if it ends with ok
1 verbose cli [ '/usr/bin/node',
1 verbose cli   '/usr/bin/npm',
1 verbose cli   'install',
1 verbose cli   'openenv',
1 verbose cli   'sh',
1 verbose cli   '/tmp/Microsoft-MIEngine-Cmd-99tiz74p.khm' ]
2 info using npm@3.5.2
3 info using node@v8.10.0
4 silly loadCurrentTree Starting
5 silly install loadCurrentTree
6 silly install readLocalPackageData
7 silly fetchPackageMetaData openenv
8 silly fetchPackageMetaData sh
9 silly fetchPackageMetaData /tmp/Microsoft-MIEngine-Cmd-99tiz74p.khm
10 silly fetchNamedPackageData openenv
11 silly mapToRegistry name openenv
12 silly mapToRegistry using default registry
13 silly mapToRegistry registry https://registry.npmjs.org/
14 silly mapToRegistry uri https://registry.npmjs.org/openenv
15 silly fetchNamedPackageData sh
16 silly mapToRegistry name sh
17 silly mapToRegistry using default registry
18 silly mapToRegistry registry https://registry.npmjs.org/
19 silly mapToRegistry uri https://registry.npmjs.org/sh
20 silly fetchOtherPackageData /tmp/Microsoft-MIEngine-Cmd-99tiz74p.khm
21 silly cache add args [ '/tmp/Microsoft-MIEngine-Cmd-99tiz74p.khm', null ]
22 verbose cache add spec /tmp/Microsoft-MIEngine-Cmd-99tiz74p.khm
23 silly cache add parsed spec Result {
23 silly cache add   raw: '/tmp/Microsoft-MIEngine-Cmd-99tiz74p.khm',
23 silly cache add   scope: null,
23 silly cache add   name: null,
23 silly cache add   rawSpec: '/tmp/Microsoft-MIEngine-Cmd-99tiz74p.khm',
23 silly cache add   spec: '/tmp/Microsoft-MIEngine-Cmd-99tiz74p.khm',
23 silly cache add   type: 'local' }
24 verbose request uri https://registry.npmjs.org/openenv
25 verbose request no auth needed
26 info attempt registry request try #1 at 6:49:20 PM
27 verbose request id 2d188276a924df1c
28 http request GET https://registry.npmjs.org/openenv
29 verbose request uri https://registry.npmjs.org/sh
30 verbose request no auth needed
31 info attempt registry request try #1 at 6:49:20 PM
32 http request GET https://registry.npmjs.org/sh
33 silly addLocalTarball shasum (computed) 2c278da2a4cc70e2cb9744d45343e4a71e9ce966
34 verbose addTmpTarball /tmp/Microsoft-MIEngine-Cmd-99tiz74p.khm not in flight; adding
35 verbose addTmpTarball validating metadata from /tmp/Microsoft-MIEngine-Cmd-99tiz74p.khm
36 verbose tar unpack /tmp/Microsoft-MIEngine-Cmd-99tiz74p.khm
37 verbose tar unpacking to /tmp/npm-27582-5f4d79e1/unpack-1a437ffa
38 silly gentlyRm /tmp/npm-27582-5f4d79e1/unpack-1a437ffa is being purged
39 verbose gentlyRm don't care about contents; nuking /tmp/npm-27582-5f4d79e1/unpack-1a437ffa
40 silly gunzTarPerm modes [ '775', '664' ]
41 error not a package /tmp/Microsoft-MIEngine-Cmd-99tiz74p.khm
42 error addLocal Could not install /tmp/Microsoft-MIEngine-Cmd-99tiz74p.khm
43 silly fetchPackageMetaData Error: ENOENT: no such file or directory, open '/tmp/npm-27582-5f4d79e1/unpack-1a437ffa/package.json'
43 silly fetchPackageMetaData  error for /tmp/Microsoft-MIEngine-Cmd-99tiz74p.khm { Error: ENOENT: no such file or directory, open '/tmp/npm-27582-5f4d79e1/unpack-1a437ffa/package.json'
43 silly fetchPackageMetaData   errno: -2,
43 silly fetchPackageMetaData   code: 'ENOENT',
43 silly fetchPackageMetaData   syscall: 'open',
43 silly fetchPackageMetaData   path: '/tmp/npm-27582-5f4d79e1/unpack-1a437ffa/package.json' }
44 http 200 https://registry.npmjs.org/openenv
45 verbose headers { date: 'Wed, 04 Mar 2020 01:49:20 GMT',
45 verbose headers   'content-type': 'application/json',
45 verbose headers   'transfer-encoding': 'chunked',
45 verbose headers   connection: 'keep-alive',
45 verbose headers   'set-cookie':
45 verbose headers    [ '__cfduid=d3df8dde3ee5d9ae6393f3236a5f63e341583286560; expires=Fri, 03-Apr-20 01:49:20 GMT; path=/; domain=.npmjs.org; HttpOnly; SameSite=Lax' ],
45 verbose headers   'cf-ray': '56e7f0aa2c25a03e-SLC',
45 verbose headers   'cache-control': 'public, max-age=300',
45 verbose headers   etag: 'W/"1a5dccd78d63e53e76f9735ce3247ab5"',
45 verbose headers   'last-modified': 'Tue, 19 Nov 2019 14:42:36 GMT',
45 verbose headers   vary: 'accept-encoding, accept',
45 verbose headers   'cf-cache-status': 'MISS',
45 verbose headers   'expect-ct': 'max-age=604800, report-uri="https://report-uri.cloudflare.com/cdn-cgi/beacon/expect-ct"',
45 verbose headers   server: 'cloudflare',
45 verbose headers   'content-encoding': 'gzip' }
46 silly get cb [ 200,
46 silly get   { date: 'Wed, 04 Mar 2020 01:49:20 GMT',
46 silly get     'content-type': 'application/json',
46 silly get     'transfer-encoding': 'chunked',
46 silly get     connection: 'keep-alive',
46 silly get     'set-cookie':
46 silly get      [ '__cfduid=d3df8dde3ee5d9ae6393f3236a5f63e341583286560; expires=Fri, 03-Apr-20 01:49:20 GMT; path=/; domain=.npmjs.org; HttpOnly; SameSite=Lax' ],
46 silly get     'cf-ray': '56e7f0aa2c25a03e-SLC',
46 silly get     'cache-control': 'public, max-age=300',
46 silly get     etag: 'W/"1a5dccd78d63e53e76f9735ce3247ab5"',
46 silly get     'last-modified': 'Tue, 19 Nov 2019 14:42:36 GMT',
46 silly get     vary: 'accept-encoding, accept',
46 silly get     'cf-cache-status': 'MISS',
46 silly get     'expect-ct': 'max-age=604800, report-uri="https://report-uri.cloudflare.com/cdn-cgi/beacon/expect-ct"',
46 silly get     server: 'cloudflare',
46 silly get     'content-encoding': 'gzip' } ]
47 verbose get saving openenv to /home/daniel/.npm/registry.npmjs.org/openenv/.cache.json
48 http 200 https://registry.npmjs.org/sh
49 verbose headers { date: 'Wed, 04 Mar 2020 01:49:20 GMT',
49 verbose headers   'content-type': 'application/json; charset=UTF-8',
49 verbose headers   'transfer-encoding': 'chunked',
49 verbose headers   connection: 'keep-alive',
49 verbose headers   'set-cookie':
49 verbose headers    [ '__cfduid=d275bd564508dc8fee08588ea546745501583286560; expires=Fri, 03-Apr-20 01:49:20 GMT; path=/; domain=.npmjs.org; HttpOnly; SameSite=Lax' ],
49 verbose headers   'cf-ray': '56e7f0aa29c5a07a-SLC',
49 verbose headers   'cache-control': 'public, max-age=300',
49 verbose headers   etag: 'W/"7412c6a9f58f48faca11372605fed856"',
49 verbose headers   'last-modified': 'Sun, 27 May 2018 17:07:16 GMT',
49 verbose headers   vary: 'accept-encoding, accept',
49 verbose headers   'cf-cache-status': 'MISS',
49 verbose headers   'expect-ct': 'max-age=604800, report-uri="https://report-uri.cloudflare.com/cdn-cgi/beacon/expect-ct"',
49 verbose headers   server: 'cloudflare',
49 verbose headers   'content-encoding': 'gzip' }
50 silly get cb [ 200,
50 silly get   { date: 'Wed, 04 Mar 2020 01:49:20 GMT',
50 silly get     'content-type': 'application/json; charset=UTF-8',
50 silly get     'transfer-encoding': 'chunked',
50 silly get     connection: 'keep-alive',
50 silly get     'set-cookie':
50 silly get      [ '__cfduid=d275bd564508dc8fee08588ea546745501583286560; expires=Fri, 03-Apr-20 01:49:20 GMT; path=/; domain=.npmjs.org; HttpOnly; SameSite=Lax' ],
50 silly get     'cf-ray': '56e7f0aa29c5a07a-SLC',
50 silly get     'cache-control': 'public, max-age=300',
50 silly get     etag: 'W/"7412c6a9f58f48faca11372605fed856"',
50 silly get     'last-modified': 'Sun, 27 May 2018 17:07:16 GMT',
50 silly get     vary: 'accept-encoding, accept',
50 silly get     'cf-cache-status': 'MISS',
50 silly get     'expect-ct': 'max-age=604800, report-uri="https://report-uri.cloudflare.com/cdn-cgi/beacon/expect-ct"',
50 silly get     server: 'cloudflare',
50 silly get     'content-encoding': 'gzip' } ]
51 verbose get saving sh to /home/daniel/.npm/registry.npmjs.org/sh/.cache.json
52 silly rollbackFailedOptional Starting
53 silly rollbackFailedOptional Finishing
54 silly runTopLevelLifecycles Starting
55 silly runTopLevelLifecycles Finishing
56 silly install printInstalled
57 verbose stack Error: ENOENT: no such file or directory, open '/tmp/npm-27582-5f4d79e1/unpack-1a437ffa/package.json'
58 verbose cwd /home/daniel/dev/gvd-fortune
59 error Linux 4.15.0-88-generic
60 error argv "/usr/bin/node" "/usr/bin/npm" "install" "openenv" "sh" "/tmp/Microsoft-MIEngine-Cmd-99tiz74p.khm"
61 error node v8.10.0
62 error npm  v3.5.2
63 error path /tmp/npm-27582-5f4d79e1/unpack-1a437ffa/package.json
64 error code ENOENT
65 error errno -2
66 error syscall open
67 error enoent ENOENT: no such file or directory, open '/tmp/npm-27582-5f4d79e1/unpack-1a437ffa/package.json'
68 error enoent ENOENT: no such file or directory, open '/tmp/npm-27582-5f4d79e1/unpack-1a437ffa/package.json'
68 error enoent This is most likely not a problem with npm itself
68 error enoent and is related to npm not being able to find a file.
69 verbose exit [ -2, true ]
